<?xml version="1.0" encoding="UTF-8"?>
<testng-results ignored="0" total="1" passed="1" failed="0" skipped="0">
  <reporter-output>
  </reporter-output>
  <suite started-at="2026-01-05T15:14:08 QYZT" name="Surefire suite" finished-at="2026-01-05T15:15:19 QYZT" duration-ms="71246">
    <groups>
    </groups>
    <test started-at="2026-01-05T15:14:08 QYZT" name="Surefire test" finished-at="2026-01-05T15:15:19 QYZT" duration-ms="71246">
      <class name="com.sqat.assignment3.DemoQATest">
        <test-method is-config="true" signature="setup()[pri:0, instance:com.sqat.assignment3.DemoQATest@4b14c583]" started-at="2026-01-05T15:14:08 QYZT" name="setup" finished-at="2026-01-05T15:14:10 QYZT" duration-ms="1943" status="PASS">
          <reporter-output>
          </reporter-output>
        </test-method> <!-- setup -->
        <test-method signature="fullAutomationTest()[pri:0, instance:com.sqat.assignment3.DemoQATest@4b14c583]" started-at="2026-01-05T15:14:10 QYZT" name="fullAutomationTest" finished-at="2026-01-05T15:15:19 QYZT" duration-ms="68801" status="PASS">
          <reporter-output>
          </reporter-output>
        </test-method> <!-- fullAutomationTest -->
        <test-method is-config="true" signature="tearDown()[pri:0, instance:com.sqat.assignment3.DemoQATest@4b14c583]" started-at="2026-01-05T15:15:19 QYZT" name="tearDown" finished-at="2026-01-05T15:15:19 QYZT" duration-ms="472" status="PASS">
          <reporter-output>
          </reporter-output>
        </test-method> <!-- tearDown -->
      </class> <!-- com.sqat.assignment3.DemoQATest -->
    </test> <!-- Surefire test -->
  </suite> <!-- Surefire suite -->
</testng-results>
